<?xml version="1.0" encoding="UTF-8" ?>
<testsuite errors="0" failures="0" hostname="DELL" name="com.flatironschool.javacs.HelloWorldTest" skipped="0" tests="1" time="0.072" timestamp="2016-03-16T04:47:20">
  <properties>
    <property name="java.vendor" value="Oracle Corporation" />
    <property name="env.SYSTEMROOT" value="C:\Windows" />
    <property name="env.USERDOMAIN_ROAMINGPROFILE" value="DELL" />
    <property name="sun.java.launcher" value="SUN_STANDARD" />
    <property name="sun.management.compiler" value="HotSpot 64-Bit Tiered Compilers" />
    <property name="env.PROMPT" value="$P$G" />
    <property name="env.LESSCHARSET" value="utf-8" />
    <property name="os.name" value="Windows 8.1" />
    <property name="env.HISTFILE" value="c:/Users/Shawn/.bash_history" />
    <property name="env.FP_NO_HOST_CHECK" value="NO" />
    <property name="sun.boot.class.path" value="C:\Program Files\Java\jdk1.8.0_60\jre\lib\resources.jar;C:\Program Files\Java\jdk1.8.0_60\jre\lib\rt.jar;C:\Program Files\Java\jdk1.8.0_60\jre\lib\sunrsasign.jar;C:\Program Files\Java\jdk1.8.0_60\jre\lib\jsse.jar;C:\Program Files\Java\jdk1.8.0_60\jre\lib\jce.jar;C:\Program Files\Java\jdk1.8.0_60\jre\lib\charsets.jar;C:\Program Files\Java\jdk1.8.0_60\jre\lib\jfr.jar;C:\Program Files\Java\jdk1.8.0_60\jre\classes" />
    <property name="env.COMPUTERNAME" value="DELL" />
    <property name="env.PWD" value="e:/codeU/cs-java-hello-world-lab-codeU" />
    <property name="env.MAKE_MODE" value="unix" />
    <property name="env.ALLUSERSPROFILE" value="C:\ProgramData" />
    <property name="sun.desktop" value="windows" />
    <property name="env.LESS" value="-FRSX" />
    <property name="java.vm.specification.vendor" value="Oracle Corporation" />
    <property name="ant.home" value="C:\Ant" />
    <property name="java.runtime.version" value="1.8.0_60-b27" />
    <property name="env.HOMEPATH" value="\Users\Shawn" />
    <property name="user.name" value="Shawn" />
    <property name="env._" value="c:/RailsInstaller/Ruby2.2.0/bin/learn-test" />
    <property name="env.USER" value="Shawn" />
    <property name="env.GNUPGHOME" value="c:/Users/Shawn/.gnupg" />
    <property name="env.MSYSTEM" value="MINGW32" />
    <property name="env.PATH" value="c:\Users\Shawn\bin;.;C:\RailsInstaller\Git\local\bin;C:\RailsInstaller\Git\mingw\bin;C:\RailsInstaller\Git\bin;c:\MinGW\bin;c:\MinGW\libexec\gcc\x86_64-pc-mingw32\5.1.0;c:\MinGW\libexec\gcc\x86_64-pc-mingw32\4.9.2;c:\ProgramData\Oracle\Java\javapath;c:\Program Files (x86)\Intel\iCLS Client\;c:\Program Files\Intel\iCLS Client\;c:\Windows\system32;c:\Windows;c:\Windows\System32\Wbem;c:\Windows\System32\WindowsPowerShell\v1.0\;c:\Program Files\Intel\Intel(R) Management Engine Components\DAL;c:\Program Files\Intel\Intel(R) Management Engine Components\IPT;c:\Program Files (x86)\Intel\Intel(R) Management Engine Components\DAL;c:\Program Files (x86)\Intel\Intel(R) Management Engine Components\IPT;c:\Program Files\Intel\WiFi\bin\;c:\Program Files\Common Files\Intel\WirelessCommon\;c:\Program Files (x86)\ATI Technologies\ATI.ACE\Core-Static;d:\matlab7\bin\win32;c:\Program Files\Java\jdk1.8.0_60\bin;c:\Program Files\Java\jdk1.8.0_60\jre\bin;c:\Users\Shawn\.dnx\bin;c:\Program Files\Microsoft DNX\Dnvm\;c:\Program Files (x86)\Windows Kits\8.1\Windows Performance Toolkit\;d:\node.js\;c:\Program Files (x86)\Visual Leak Detector\bin\Win32;c:\Program Files (x86)\Visual Leak Detector\bin\Win64;C:\RailsInstaller\Git\cmd;c:\RailsInstaller\Ruby2.2.0\bin;c:\Program Files (x86)\SSH Communications Security\SSH Secure Shell;c:\Users\Shawn\AppData\Roaming\npm;c:\Users\Shawn\AppData\Local\atom\bin;c:\altera\13.0\modelsim_ase\win32aloem;c:\Ant\bin" />
    <property name="user.language" value="zh" />
    <property name="env.WINDIR" value="C:\Windows" />
    <property name="sun.boot.library.path" value="C:\Program Files\Java\jdk1.8.0_60\jre\bin" />
    <property name="ant.project.default-target" value="build" />
    <property name="ant.project.name" value="JavaCS" />
    <property name="java.version" value="1.8.0_60" />
    <property name="env.PROCESSOR_IDENTIFIER" value="Intel64 Family 6 Model 69 Stepping 1, GenuineIntel" />
    <property name="user.timezone" value="" />
    <property name="env.TEMP" value="C:/Users/Shawn/AppData/Local/Temp" />
    <property name="sun.arch.data.model" value="64" />
    <property name="java.endorsed.dirs" value="C:\Program Files\Java\jdk1.8.0_60\jre\lib\endorsed" />
    <property name="env._JAVACMD" value="C:\Program Files\Java\jdk1.8.0_60\bin\java.exe" />
    <property name="sun.cpu.isalist" value="amd64" />
    <property name="env.HOMEDRIVE" value="C:" />
    <property name="sun.jnu.encoding" value="GBK" />
    <property name="file.encoding.pkg" value="sun.io" />
    <property name="env.VS110COMNTOOLS" value="C:\Program Files (x86)\Microsoft Visual Studio 11.0\Common7\Tools\" />
    <property name="env.SHLVL" value="1" />
    <property name="env.SYSTEMDRIVE" value="C:" />
    <property name="file.separator" value="\" />
    <property name="java.specification.name" value="Java Platform API Specification" />
    <property name="java.class.version" value="52.0" />
    <property name="user.country" value="CN" />
    <property name="ant.file.JavaCS" value="e:\codeU\cs-java-hello-world-lab-codeU\javacs-lab00\build.xml" />
    <property name="java.home" value="C:\Program Files\Java\jdk1.8.0_60\jre" />
    <property name="env.APPDATA" value="C:\Users\Shawn\AppData\Roaming" />
    <property name="env.PUBLIC" value="C:\Users\Public" />
    <property name="java.vm.info" value="mixed mode" />
    <property name="env.OS" value="Windows_NT" />
    <property name="env.LOGNAME" value="Shawn" />
    <property name="ant.file" value="e:\codeU\cs-java-hello-world-lab-codeU\javacs-lab00\build.xml" />
    <property name="os.version" value="6.3" />
    <property name="env._USE_CLASSPATH" value="yes" />
    <property name="env.QUARTUS_ROOTDIR" value="C:\altera\13.0\quartus" />
    <property name="path.separator" value=";" />
    <property name="env.OMP_NUM_THREADS" value="4" />
    <property name="java.vm.version" value="25.60-b23" />
    <property name="env.ASL.LOG" value="Destination=file" />
    <property name="env.USERPROFILE" value="C:\Users\Shawn" />
    <property name="user.variant" value="" />
    <property name="ant.library.dir" value="C:\Ant\lib" />
    <property name="junit.output.dir" value="junit" />
    <property name="env.SSL_CERT_FILE" value="C:\RailsInstaller\cacert.pem" />
    <property name="env.JAVA_HOME" value="C:\Program Files\Java\jdk1.8.0_60" />
    <property name="env.TERM" value="cygwin" />
    <property name="java.awt.printerjob" value="sun.awt.windows.WPrinterJob" />
    <property name="env.PROGRAMFILES" value="C:\Program Files" />
    <property name="env.TMP" value="C:/Users/Shawn/AppData/Local/Temp" />
    <property name="sun.io.unicode.encoding" value="UnicodeLittle" />
    <property name="awt.toolkit" value="sun.awt.windows.WToolkit" />
    <property name="sun.stdout.encoding" value="ms936" />
    <property name="user.script" value="" />
    <property name="target" value="1.6" />
    <property name="user.home" value="C:\Users\Shawn" />
    <property name="env.COMMONPROGRAMFILES" value="C:\Program Files\Common Files" />
    <property name="env.VS140COMNTOOLS" value="C:\Program Files (x86)\Microsoft Visual Studio 14.0\Common7\Tools\" />
    <property name="env.SESSIONNAME" value="Console" />
    <property name="env.OLDPWD" value="e:/codeU" />
    <property name="env.CLASSPATH" value=".;C:\Program Files\Java\jdk1.8.0_60\lib;C:\Program Files\Java\jdk1.8.0_60\lib\tools.jar" />
    <property name="java.specification.vendor" value="Oracle Corporation" />
    <property name="java.vendor.url" value="http://java.oracle.com/" />
    <property name="java.library.path" value="C:\Program Files\Java\jdk1.8.0_60\jre\bin;C:\Windows\Sun\Java\bin;C:\Windows\system32;C:\Windows;c:\Users\Shawn\bin;.;C:\RailsInstaller\Git\local\bin;C:\RailsInstaller\Git\mingw\bin;C:\RailsInstaller\Git\bin;c:\MinGW\bin;c:\MinGW\libexec\gcc\x86_64-pc-mingw32\5.1.0;c:\MinGW\libexec\gcc\x86_64-pc-mingw32\4.9.2;c:\ProgramData\Oracle\Java\javapath;c:\Program Files (x86)\Intel\iCLS Client\;c:\Program Files\Intel\iCLS Client\;c:\Windows\system32;c:\Windows;c:\Windows\System32\Wbem;c:\Windows\System32\WindowsPowerShell\v1.0\;c:\Program Files\Intel\Intel(R) Management Engine Components\DAL;c:\Program Files\Intel\Intel(R) Management Engine Components\IPT;c:\Program Files (x86)\Intel\Intel(R) Management Engine Components\DAL;c:\Program Files (x86)\Intel\Intel(R) Management Engine Components\IPT;c:\Program Files\Intel\WiFi\bin\;c:\Program Files\Common Files\Intel\WirelessCommon\;c:\Program Files (x86)\ATI Technologies\ATI.ACE\Core-Static;d:\matlab7\bin\win32;c:\Program Files\Java\jdk1.8.0_60\bin;c:\Program Files\Java\jdk1.8.0_60\jre\bin;c:\Users\Shawn\.dnx\bin;c:\Program Files\Microsoft DNX\Dnvm\;c:\Program Files (x86)\Windows Kits\8.1\Windows Performance Toolkit\;d:\node.js\;c:\Program Files (x86)\Visual Leak Detector\bin\Win32;c:\Program Files (x86)\Visual Leak Detector\bin\Win64;C:\RailsInstaller\Git\cmd;c:\RailsInstaller\Ruby2.2.0\bin;c:\Program Files (x86)\SSH Communications Security\SSH Secure Shell;c:\Users\Shawn\AppData\Roaming\npm;c:\Users\Shawn\AppData\Local\atom\bin;c:\altera\13.0\modelsim_ase\win32aloem;c:\Ant\bin;." />
    <property name="env.NUMBER_OF_PROCESSORS" value="4" />
    <property name="env.PSMODULEPATH" value="C:\Windows\system32\WindowsPowerShell\v1.0\Modules\" />
    <property name="env.COMMONPROGRAMFILES(X86)" value="C:\Program Files (x86)\Common Files" />
    <property name="java.vm.vendor" value="Oracle Corporation" />
    <property name="java.runtime.name" value="Java(TM) SE Runtime Environment" />
    <property name="env.=E:" value="e:\CodeU\cs-java-hello-world-lab-codeU" />
    <property name="ant.version" value="Apache Ant(TM) version 1.9.6 compiled on June 29 2015" />
    <property name="sun.java.command" value="org.apache.tools.ant.taskdefs.optional.junit.JUnitTestRunner com.flatironschool.javacs.HelloWorldTest skipNonTests=false filtertrace=true haltOnError=false haltOnFailure=false formatter=org.apache.tools.ant.taskdefs.optional.junit.OutErrSummaryJUnitResultFormatter showoutput=false outputtoformatters=true logfailedtests=true threadid=0 logtestlistenerevents=false formatter=org.apache.tools.ant.taskdefs.optional.junit.XMLJUnitResultFormatter,e:\codeU\cs-java-hello-world-lab-codeU\javacs-lab00\junit\TEST-com.flatironschool.javacs.HelloWorldTest.xml formatter=org.apache.tools.ant.taskdefs.optional.junit.PlainJUnitResultFormatter crashfile=e:\codeU\cs-java-hello-world-lab-codeU\javacs-lab00\junitvmwatcher3258631021176023944.properties propsfile=e:\codeU\cs-java-hello-world-lab-codeU\javacs-lab00\junit8540206778775089879.properties" />
    <property name="java.class.path" value="e:\codeU\cs-java-hello-world-lab-codeU\javacs-lab00\bin;e:\codeU\cs-java-hello-world-lab-codeU\javacs-lab00\lib\junit-4.12.jar;e:\codeU\cs-java-hello-world-lab-codeU\javacs-lab00\lib\hamcrest-core-1.3.jar;e:\codeU\cs-java-hello-world-lab-codeU\javacs-lab00;C:\Program Files\Java\jdk1.8.0_60\lib;C:\Program Files\Java\jdk1.8.0_60\lib\tools.jar;C:\Ant\lib\ant-launcher.jar;C:\Ant\lib\ant.jar;C:\Ant\lib\ant-junit.jar;C:\Ant\lib\ant-junit4.jar" />
    <property name="env.PROGRAMW6432" value="C:\Program Files" />
    <property name="env.PROGRAMFILES(X86)" value="C:\Program Files (x86)" />
    <property name="ant.file.type.JavaCS" value="file" />
    <property name="java.vm.specification.name" value="Java Virtual Machine Specification" />
    <property name="ant.file.type" value="file" />
    <property name="env.LOGONSERVER" value="\\DELL" />
    <property name="env.PROCESSOR_ARCHITECTURE" value="AMD64" />
    <property name="java.vm.specification.version" value="1.8" />
    <property name="env.COMMONPROGRAMW6432" value="C:\Program Files\Common Files" />
    <property name="sun.cpu.endian" value="little" />
    <property name="sun.os.patch.level" value="" />
    <property name="env.HOME" value="c:/Users/Shawn" />
    <property name="debuglevel" value="source,lines,vars" />
    <property name="env.ANT_HOME" value="C:\Ant" />
    <property name="java.io.tmpdir" value="C:\Users\Shawn\AppData\Local\Temp\" />
    <property name="env.PROCESSOR_REVISION" value="4501" />
    <property name="env.VS120COMNTOOLS" value="C:\Program Files (x86)\Microsoft Visual Studio 12.0\Common7\Tools\" />
    <property name="java.vendor.url.bug" value="http://bugreport.sun.com/bugreport/" />
    <property name="env.PROGRAMDATA" value="C:\ProgramData" />
    <property name="env.COMSPEC" value="C:\Windows\system32\cmd.exe" />
    <property name="java.awt.graphicsenv" value="sun.awt.Win32GraphicsEnvironment" />
    <property name="env.ANT_CMD_LINE_ARGS" value=" test -buildfile javacs-lab00/build.xml" />
    <property name="os.arch" value="amd64" />
    <property name="env.PLINK_PROTOCOL" value="ssh" />
    <property name="java.ext.dirs" value="C:\Program Files\Java\jdk1.8.0_60\jre\lib\ext;C:\Windows\Sun\Java\lib\ext" />
    <property name="env.LOCALAPPDATA" value="C:\Users\Shawn\AppData\Local" />
    <property name="user.dir" value="e:\codeU\cs-java-hello-world-lab-codeU" />
    <property name="line.separator" value="&#xd;&#xa;" />
    <property name="env.INPUTRC" value="C:/RailsInstaller/Git/etc/inputrc" />
    <property name="java.vm.name" value="Java HotSpot(TM) 64-Bit Server VM" />
    <property name="env.PATHEXT" value=".COM;.EXE;.BAT;.CMD;.VBS;.VBE;.JS;.JSE;.WSF;.WSH;.MSC" />
    <property name="env.EQ_LIBRARY_PATH" value="C:\MinGW\x86_64-w64-mingw32\lib" />
    <property name="basedir" value="e:\codeU\cs-java-hello-world-lab-codeU\javacs-lab00" />
    <property name="ant.java.version" value="1.8" />
    <property name="ant.core.lib" value="C:\Ant\lib\ant.jar" />
    <property name="env.USERNAME" value="Shawn" />
    <property name="source" value="1.6" />
    <property name="sun.stderr.encoding" value="ms936" />
    <property name="file.encoding" value="GBK" />
    <property name="env.USERDOMAIN" value="DELL" />
    <property name="java.specification.version" value="1.8" />
    <property name="env.=C:" value="C:\Sites" />
    <property name="ant.project.invoked-targets" value="test" />
    <property name="env.SOPC_KIT_NIOS2" value="C:\altera\13.0\nios2eds" />
    <property name="env.PROCESSOR_LEVEL" value="6" />
  </properties>
  <testcase classname="com.flatironschool.javacs.HelloWorldTest" name="testGetVersion" time="0.002" />
  <system-out><![CDATA[]]></system-out>
  <system-err><![CDATA[]]></system-err>
</testsuite>
